<?xml version="1.0" encoding="UTF-8"?>
<!-- Generated by org.testng.reporters.JUnitXMLReporter -->
<testsuite ignored="0" hostname="LIN22002678" failures="0" tests="3" name="Test" time="24.328" errors="0" timestamp="22 May 2019 12:29:27 GMT">
  <testcase classname="com.opencart.test.VerifyHomePageTestOne" name="TestHomePage" time="1.063"/>
  <testcase classname="com.opencart.test.VerifySpecialOfferPage" name="TestSpecialOfferPage" time="1.45"/>
  <testcase classname="com.opencart.test.VerifySpecialOfferPage" name="CallingMethodFromAnotherTestClass" time="0.162"/>
</testsuite> <!-- Test -->
