<?xml version="1.0" encoding="UTF-8"?>
<!-- Generated by org.testng.reporters.JUnitXMLReporter -->
<testsuite ignored="0" hostname="LIN22002678" failures="0" tests="4" name="Default test" time="19.231" errors="0" timestamp="08 May 2020 13:22:12 GMT">
  <testcase classname="com.opencart.test.TestCommonUtilityFunctions" name="TestCommon" time="0.025"/>
  <testcase classname="com.opencart.test.TestCaseVerifyHomePageTestOne" name="TestHomePage" time="1.065"/>
  <testcase classname="com.opencart.test.TestCaseVerifySpecialOfferPage" name="TestSpecialOfferPage" time="2.508"/>
  <testcase classname="com.opencart.test.TestCaseVerifySpecialOfferPage" name="CallingMethodFromAnotherTestClass" time="0.127"/>
</testsuite> <!-- Default test -->
