<?xml version="1.0" encoding="UTF-8"?>
<!-- Generated by org.testng.reporters.JUnitXMLReporter -->
<testsuite ignored="0" hostname="LIN22002678" failures="0" tests="4" name="Default test" time="18.426" errors="0" timestamp="07 May 2020 17:27:19 GMT">
  <testcase classname="com.opencart.test.TestCommonUtilityFunctions" name="TestCommon" time="0.016"/>
  <testcase classname="com.opencart.test.VerifyHomePageTestOne" name="TestHomePage" time="1.07"/>
  <testcase classname="com.opencart.test.VerifySpecialOfferPage" name="TestSpecialOfferPage" time="2.537"/>
  <testcase classname="com.opencart.test.VerifySpecialOfferPage" name="CallingMethodFromAnotherTestClass" time="0.176"/>
</testsuite> <!-- Default test -->
