<?xml version="1.0" encoding="UTF-8"?>
<testng-results ignored="0" total="4" passed="4" failed="0" skipped="0">
  <reporter-output>
  </reporter-output>
  <suite started-at="2020-05-08T13:21:52Z" name="Default suite" finished-at="2020-05-08T13:22:12Z" duration-ms="19231">
    <groups>
    </groups>
    <test started-at="2020-05-08T13:21:52Z" name="Default test" finished-at="2020-05-08T13:22:12Z" duration-ms="19231">
      <class name="com.opencart.test.TestCommonUtilityFunctions">
        <test-method signature="TestCommon()[pri:0, instance:com.opencart.test.TestCommonUtilityFunctions@4b29d1d2]" started-at="2020-05-08T13:21:52Z" name="TestCommon" finished-at="2020-05-08T13:21:52Z" duration-ms="25" status="PASS">
          <reporter-output>
          </reporter-output>
        </test-method> <!-- TestCommon -->
      </class> <!-- com.opencart.test.TestCommonUtilityFunctions -->
      <class name="com.opencart.test.TestCaseVerifySpecialOfferPage">
        <test-method is-config="true" signature="setup()[pri:0, instance:com.opencart.test.TestCaseVerifySpecialOfferPage@28261e8e]" started-at="2020-05-08T13:22:02Z" name="setup" finished-at="2020-05-08T13:22:08Z" duration-ms="5697" status="PASS">
          <reporter-output>
          </reporter-output>
        </test-method> <!-- setup -->
        <test-method signature="TestSpecialOfferPage()[pri:1, instance:com.opencart.test.TestCaseVerifySpecialOfferPage@28261e8e]" started-at="2020-05-08T13:22:08Z" name="TestSpecialOfferPage" finished-at="2020-05-08T13:22:11Z" duration-ms="2508" status="PASS">
          <reporter-output>
          </reporter-output>
        </test-method> <!-- TestSpecialOfferPage -->
        <test-method signature="CallingMethodFromAnotherTestClass()[pri:2, instance:com.opencart.test.TestCaseVerifySpecialOfferPage@28261e8e]" started-at="2020-05-08T13:22:11Z" name="CallingMethodFromAnotherTestClass" finished-at="2020-05-08T13:22:11Z" duration-ms="127" status="PASS">
          <reporter-output>
          </reporter-output>
        </test-method> <!-- CallingMethodFromAnotherTestClass -->
        <test-method is-config="true" signature="teardown()[pri:0, instance:com.opencart.test.TestCaseVerifySpecialOfferPage@28261e8e]" started-at="2020-05-08T13:22:11Z" name="teardown" finished-at="2020-05-08T13:22:12Z" duration-ms="933" status="PASS">
          <reporter-output>
          </reporter-output>
        </test-method> <!-- teardown -->
      </class> <!-- com.opencart.test.TestCaseVerifySpecialOfferPage -->
      <class name="com.opencart.test.TestCaseVerifyHomePageTestOne">
        <test-method is-config="true" signature="setup()[pri:0, instance:com.opencart.test.TestCaseVerifyHomePageTestOne@7f485fda]" started-at="2020-05-08T13:21:52Z" name="setup" finished-at="2020-05-08T13:22:00Z" duration-ms="7799" status="PASS">
          <reporter-output>
          </reporter-output>
        </test-method> <!-- setup -->
        <test-method signature="TestHomePage()[pri:0, instance:com.opencart.test.TestCaseVerifyHomePageTestOne@7f485fda]" started-at="2020-05-08T13:22:00Z" name="TestHomePage" finished-at="2020-05-08T13:22:01Z" duration-ms="1065" status="PASS">
          <reporter-output>
          </reporter-output>
        </test-method> <!-- TestHomePage -->
        <test-method is-config="true" signature="teardown()[pri:0, instance:com.opencart.test.TestCaseVerifyHomePageTestOne@7f485fda]" started-at="2020-05-08T13:22:01Z" name="teardown" finished-at="2020-05-08T13:22:02Z" duration-ms="1025" status="PASS">
          <reporter-output>
          </reporter-output>
        </test-method> <!-- teardown -->
      </class> <!-- com.opencart.test.TestCaseVerifyHomePageTestOne -->
    </test> <!-- Default test -->
  </suite> <!-- Default suite -->
</testng-results>
