<?xml version="1.0" encoding="UTF-8"?>
<testng-results ignored="0" total="4" passed="4" failed="0" skipped="0">
  <reporter-output>
  </reporter-output>
  <suite started-at="2020-05-07T17:27:00Z" name="Default suite" finished-at="2020-05-07T17:27:19Z" duration-ms="18426">
    <groups>
    </groups>
    <test started-at="2020-05-07T17:27:00Z" name="Default test" finished-at="2020-05-07T17:27:19Z" duration-ms="18426">
      <class name="com.opencart.test.TestCommonUtilityFunctions">
        <test-method signature="TestCommon()[pri:0, instance:com.opencart.test.TestCommonUtilityFunctions@3012646b]" started-at="2020-05-07T17:27:01Z" name="TestCommon" finished-at="2020-05-07T17:27:01Z" duration-ms="16" status="PASS">
          <reporter-output>
          </reporter-output>
        </test-method> <!-- TestCommon -->
      </class> <!-- com.opencart.test.TestCommonUtilityFunctions -->
      <class name="com.opencart.test.VerifySpecialOfferPage">
        <test-method is-config="true" signature="setup()[pri:0, instance:com.opencart.test.VerifySpecialOfferPage@25641d39]" started-at="2020-05-07T17:27:10Z" name="setup" finished-at="2020-05-07T17:27:15Z" duration-ms="5382" status="PASS">
          <reporter-output>
          </reporter-output>
        </test-method> <!-- setup -->
        <test-method signature="TestSpecialOfferPage()[pri:1, instance:com.opencart.test.VerifySpecialOfferPage@25641d39]" started-at="2020-05-07T17:27:15Z" name="TestSpecialOfferPage" finished-at="2020-05-07T17:27:18Z" duration-ms="2537" status="PASS">
          <reporter-output>
          </reporter-output>
        </test-method> <!-- TestSpecialOfferPage -->
        <test-method signature="CallingMethodFromAnotherTestClass()[pri:2, instance:com.opencart.test.VerifySpecialOfferPage@25641d39]" started-at="2020-05-07T17:27:18Z" name="CallingMethodFromAnotherTestClass" finished-at="2020-05-07T17:27:18Z" duration-ms="176" status="PASS">
          <reporter-output>
          </reporter-output>
        </test-method> <!-- CallingMethodFromAnotherTestClass -->
        <test-method is-config="true" signature="teardown()[pri:0, instance:com.opencart.test.VerifySpecialOfferPage@25641d39]" started-at="2020-05-07T17:27:18Z" name="teardown" finished-at="2020-05-07T17:27:19Z" duration-ms="1160" status="PASS">
          <reporter-output>
          </reporter-output>
        </test-method> <!-- teardown -->
      </class> <!-- com.opencart.test.VerifySpecialOfferPage -->
      <class name="com.opencart.test.VerifyHomePageTestOne">
        <test-method is-config="true" signature="setup()[pri:0, instance:com.opencart.test.VerifyHomePageTestOne@4a883b15]" started-at="2020-05-07T17:27:01Z" name="setup" finished-at="2020-05-07T17:27:07Z" duration-ms="6979" status="PASS">
          <reporter-output>
          </reporter-output>
        </test-method> <!-- setup -->
        <test-method signature="TestHomePage()[pri:0, instance:com.opencart.test.VerifyHomePageTestOne@4a883b15]" started-at="2020-05-07T17:27:08Z" name="TestHomePage" finished-at="2020-05-07T17:27:09Z" duration-ms="1070" status="PASS">
          <reporter-output>
          </reporter-output>
        </test-method> <!-- TestHomePage -->
        <test-method is-config="true" signature="teardown()[pri:0, instance:com.opencart.test.VerifyHomePageTestOne@4a883b15]" started-at="2020-05-07T17:27:09Z" name="teardown" finished-at="2020-05-07T17:27:10Z" duration-ms="1059" status="PASS">
          <reporter-output>
          </reporter-output>
        </test-method> <!-- teardown -->
      </class> <!-- com.opencart.test.VerifyHomePageTestOne -->
    </test> <!-- Default test -->
  </suite> <!-- Default suite -->
</testng-results>
